<?xml version="1.0" encoding="UTF-8" ?>
<testsuite errors="0" failures="0" hostname="Win81Fujitsu" name="commandline.LoginLogoutTest" skipped="0" tests="1" time="11.467" timestamp="2017-05-14T16:00:13">
  <properties>
    <property name="java.vendor" value="Oracle Corporation" />
    <property name="env.USERDOMAIN_ROAMINGPROFILE" value="Win81Fujitsu" />
    <property name="sun.java.launcher" value="SUN_STANDARD" />
    <property name="sun.management.compiler" value="HotSpot 64-Bit Tiered Compilers" />
    <property name="env.PROMPT" value="$P$G" />
    <property name="ant.file.type.WebDriver" value="file" />
    <property name="os.name" value="Windows 10" />
    <property name="env.FP_NO_HOST_CHECK" value="NO" />
    <property name="sun.boot.class.path" value="C:\Program Files\Java\jdk1.8.0_121\jre\lib\resources.jar;C:\Program Files\Java\jdk1.8.0_121\jre\lib\rt.jar;C:\Program Files\Java\jdk1.8.0_121\jre\lib\sunrsasign.jar;C:\Program Files\Java\jdk1.8.0_121\jre\lib\jsse.jar;C:\Program Files\Java\jdk1.8.0_121\jre\lib\jce.jar;C:\Program Files\Java\jdk1.8.0_121\jre\lib\charsets.jar;C:\Program Files\Java\jdk1.8.0_121\jre\lib\jfr.jar;C:\Program Files\Java\jdk1.8.0_121\jre\classes" />
    <property name="env.COMPUTERNAME" value="WIN81FUJITSU" />
    <property name="env.CommonProgramW6432" value="C:\Program Files\Common Files" />
    <property name="env.ALLUSERSPROFILE" value="C:\ProgramData" />
    <property name="sun.desktop" value="windows" />
    <property name="java.vm.specification.vendor" value="Oracle Corporation" />
    <property name="ant.home" value="C:\Users\edgewords\.p2\pool\plugins\org.apache.ant_1.9.6.v201510161327" />
    <property name="java.runtime.version" value="1.8.0_121-b13" />
    <property name="env.HOMEPATH" value="\Users\edgewords" />
    <property name="user.name" value="edgewords" />
    <property name="user.language" value="en" />
    <property name="sun.boot.library.path" value="C:\Program Files\Java\jdk1.8.0_121\jre\bin" />
    <property name="ant.project.default-target" value="build" />
    <property name="ant.project.name" value="WebDriver" />
    <property name="java.version" value="1.8.0_121" />
    <property name="env.PROCESSOR_IDENTIFIER" value="AMD64 Family 16 Model 5 Stepping 3, AuthenticAMD" />
    <property name="user.timezone" value="" />
    <property name="env.TEMP" value="C:\Users\EDGEWO~1\AppData\Local\Temp" />
    <property name="sun.arch.data.model" value="64" />
    <property name="java.endorsed.dirs" value="C:\Program Files\Java\jdk1.8.0_121\jre\lib\endorsed" />
    <property name="env._JAVACMD" value="C:\Program Files\Java\jdk1.8.0_121\bin\java.exe" />
    <property name="sun.cpu.isalist" value="amd64" />
    <property name="env.HOMEDRIVE" value="C:" />
    <property name="sun.jnu.encoding" value="Cp1252" />
    <property name="file.encoding.pkg" value="sun.io" />
    <property name="ECLIPSE_HOME" value="../../eclipse/jee-neon/eclipse/" />
    <property name="file.separator" value="\" />
    <property name="java.specification.name" value="Java Platform API Specification" />
    <property name="java.class.version" value="52.0" />
    <property name="user.country" value="GB" />
    <property name="java.home" value="C:\Program Files\Java\jdk1.8.0_121\jre" />
    <property name="env.PSModulePath" value="C:\WINDOWS\system32\WindowsPowerShell\v1.0\Modules\" />
    <property name="env.APPDATA" value="C:\Users\edgewords\AppData\Roaming" />
    <property name="env.PUBLIC" value="C:\Users\Public" />
    <property name="java.vm.info" value="mixed mode" />
    <property name="env.ComSpec" value="C:\WINDOWS\system32\cmd.exe" />
    <property name="env.OS" value="Windows_NT" />
    <property name="env.CommonProgramFiles" value="C:\Program Files\Common Files" />
    <property name="ant.file" value="c:\Users\edgewords\git\WebDriver\build.xml" />
    <property name="os.version" value="10.0" />
    <property name="env.=ExitCode" value="00000000" />
    <property name="env.ProgramW6432" value="C:\Program Files" />
    <property name="env._USE_CLASSPATH" value="no" />
    <property name="mybrowser" value="chrome" />
    <property name="path.separator" value=";" />
    <property name="java.vm.version" value="25.121-b13" />
    <property name="user.variant" value="" />
    <property name="env.USERPROFILE" value="C:\Users\edgewords" />
    <property name="ant.library.dir" value="C:\Users\edgewords\.p2\pool\plugins\org.apache.ant_1.9.6.v201510161327\lib" />
    <property name="junit.output.dir" value="junit" />
    <property name="env.JAVA_HOME" value="C:\Program Files\Java\jdk1.8.0_121" />
    <property name="java.awt.printerjob" value="sun.awt.windows.WPrinterJob" />
    <property name="env.TMP" value="C:\Users\EDGEWO~1\AppData\Local\Temp" />
    <property name="sun.io.unicode.encoding" value="UnicodeLittle" />
    <property name="awt.toolkit" value="sun.awt.windows.WToolkit" />
    <property name="sun.stdout.encoding" value="cp850" />
    <property name="user.script" value="" />
    <property name="user.home" value="C:\Users\edgewords" />
    <property name="target" value="1.8" />
    <property name="env.ProgramData" value="C:\ProgramData" />
    <property name="env.SESSIONNAME" value="Console" />
    <property name="env.ProgramFiles(x86)" value="C:\Program Files (x86)" />
    <property name="java.specification.vendor" value="Oracle Corporation" />
    <property name="java.vendor.url" value="http://java.oracle.com/" />
    <property name="java.library.path" value="C:\Program Files\Java\jdk1.8.0_121\jre\bin;C:\WINDOWS\Sun\Java\bin;C:\WINDOWS\system32;C:\WINDOWS;C:\ProgramData\Oracle\Java\javapath;C:\Program Files (x86)\EasyPHP-DevServer-14.1VC11\binaries\php\php_runningversion;C:\WINDOWS\system32;C:\WINDOWS;C:\WINDOWS\System32\Wbem;C:\WINDOWS\System32\WindowsPowerShell\v1.0\;C:\Program Files\Java\jdk1.8.0_121\bin\;C:\Users\edgewords\AppData\Local\Microsoft\WindowsApps;C:\Users\edgewords\Documents\DriverServers;C:\Users\edgewords\.p2\pool\plugins\org.apache.ant_1.9.6.v201510161327\bin;;." />
    <property name="env.NUMBER_OF_PROCESSORS" value="2" />
    <property name="java.vm.vendor" value="Oracle Corporation" />
    <property name="java.runtime.name" value="Java(TM) SE Runtime Environment" />
    <property name="ant.version" value="Apache Ant(TM) version 1.9.6 compiled on June 29 2015" />
    <property name="sun.java.command" value="org.apache.tools.ant.taskdefs.optional.junit.JUnitTestRunner commandline.LoginLogoutTest skipNonTests=false filtertrace=true haltOnError=false haltOnFailure=false formatter=org.apache.tools.ant.taskdefs.optional.junit.OutErrSummaryJUnitResultFormatter showoutput=false outputtoformatters=true logfailedtests=true threadid=0 logtestlistenerevents=false formatter=org.apache.tools.ant.taskdefs.optional.junit.XMLJUnitResultFormatter,c:\Users\edgewords\git\WebDriver\junit\TEST-commandline.LoginLogoutTest.xml crashfile=c:\Users\edgewords\git\WebDriver\junitvmwatcher7439862152180698398.properties propsfile=c:\Users\edgewords\git\WebDriver\junit4392696238789675122.properties" />
    <property name="java.class.path" value="c:\Users\edgewords\git\WebDriver\bin;c:\Users\edgewords\Documents\BuildDeps\Selenium\client-combined-3.0.1-nodeps.jar;c:\Users\edgewords\Documents\BuildDeps\Selenium\lib\cglib-nodep-3.2.4.jar;c:\Users\edgewords\Documents\BuildDeps\Selenium\lib\commons-codec-1.10.jar;c:\Users\edgewords\Documents\BuildDeps\Selenium\lib\commons-exec-1.3.jar;c:\Users\edgewords\Documents\BuildDeps\Selenium\lib\commons-io-2.5.jar;c:\Users\edgewords\Documents\BuildDeps\Selenium\lib\commons-lang3-3.4.jar;c:\Users\edgewords\Documents\BuildDeps\Selenium\lib\commons-logging-1.2.jar;c:\Users\edgewords\Documents\BuildDeps\Selenium\lib\cssparser-0.9.20.jar;c:\Users\edgewords\Documents\BuildDeps\Selenium\lib\gson-2.3.1.jar;c:\Users\edgewords\Documents\BuildDeps\Selenium\lib\guava-19.0.jar;c:\Users\edgewords\Documents\BuildDeps\Selenium\lib\hamcrest-core-1.3.jar;c:\Users\edgewords\Documents\BuildDeps\Selenium\lib\hamcrest-library-1.3.jar;c:\Users\edgewords\Documents\BuildDeps\Selenium\lib\htmlunit-2.23.jar;c:\Users\edgewords\Documents\BuildDeps\Selenium\lib\htmlunit-core-js-2.23.jar;c:\Users\edgewords\Documents\BuildDeps\Selenium\lib\httpclient-4.5.2.jar;c:\Users\edgewords\Documents\BuildDeps\Selenium\lib\httpcore-4.4.4.jar;c:\Users\edgewords\Documents\BuildDeps\Selenium\lib\httpmime-4.5.2.jar;c:\Users\edgewords\Documents\BuildDeps\Selenium\lib\javax.servlet-api-3.1.0.jar;c:\Users\edgewords\Documents\BuildDeps\Selenium\lib\jetty-io-9.2.13.v20150730.jar;c:\Users\edgewords\Documents\BuildDeps\Selenium\lib\jetty-util-9.2.13.v20150730.jar;c:\Users\edgewords\Documents\BuildDeps\Selenium\lib\jna-4.1.0.jar;c:\Users\edgewords\Documents\BuildDeps\Selenium\lib\jna-platform-4.1.0.jar;c:\Users\edgewords\Documents\BuildDeps\Selenium\lib\junit-4.12.jar;c:\Users\edgewords\Documents\BuildDeps\Selenium\lib\neko-htmlunit-2.23.jar;c:\Users\edgewords\Documents\BuildDeps\Selenium\lib\netty-3.5.7.Final.jar;c:\Users\edgewords\Documents\BuildDeps\Selenium\lib\phantomjsdriver-1.3.0.jar;c:\Users\edgewords\Documents\BuildDeps\Selenium\lib\sac-1.3.jar;c:\Users\edgewords\Documents\BuildDeps\Selenium\lib\serializer-2.7.2.jar;c:\Users\edgewords\Documents\BuildDeps\Selenium\lib\websocket-api-9.2.15.v20160210.jar;c:\Users\edgewords\Documents\BuildDeps\Selenium\lib\websocket-client-9.2.15.v20160210.jar;c:\Users\edgewords\Documents\BuildDeps\Selenium\lib\websocket-common-9.2.15.v20160210.jar;c:\Users\edgewords\Documents\BuildDeps\Selenium\lib\xalan-2.7.2.jar;c:\Users\edgewords\Documents\BuildDeps\Selenium\lib\xercesImpl-2.11.0.jar;c:\Users\edgewords\Documents\BuildDeps\Selenium\lib\xml-apis-1.4.01.jar;c:\Users\edgewords\Documents\BuildDeps\ExtentReports\extentreports-2.41.2.jar;c:\Users\edgewords\Documents\BuildDeps\ExtentReports\lib\ant-1.7.0.jar;c:\Users\edgewords\Documents\BuildDeps\ExtentReports\lib\ant-launcher-1.7.0.jar;c:\Users\edgewords\Documents\BuildDeps\ExtentReports\lib\bsh-2.0b4.jar;c:\Users\edgewords\Documents\BuildDeps\ExtentReports\lib\bson-3.0.4.jar;c:\Users\edgewords\Documents\BuildDeps\ExtentReports\lib\freemarker-2.3.23.jar;c:\Users\edgewords\Documents\BuildDeps\ExtentReports\lib\hamcrest-core-1.1.jar;c:\Users\edgewords\Documents\BuildDeps\ExtentReports\lib\jcommander-1.48.jar;c:\Users\edgewords\Documents\BuildDeps\ExtentReports\lib\jsoup-1.8.3.jar;c:\Users\edgewords\Documents\BuildDeps\ExtentReports\lib\junit-4.10.jar;c:\Users\edgewords\Documents\BuildDeps\ExtentReports\lib\mongodb-driver-3.0.4.jar;c:\Users\edgewords\Documents\BuildDeps\ExtentReports\lib\mongodb-driver-core-3.0.4.jar;c:\Users\edgewords\Documents\BuildDeps\ExtentReports\lib\snakeyaml-1.15.jar;c:\Users\edgewords\Documents\BuildDeps\ExtentReports\lib\sqlite-jdbc-3.8.11.1.jar;c:\Users\edgewords\Documents\BuildDeps\ExtentReports\lib\testng-6.9.9.jar;c:\Users\edgewords\Documents\BuildDeps\junit-toolbox-2.3.jar;C:\Users\edgewords\.p2\pool\plugins\org.apache.ant_1.9.6.v201510161327\lib\ant-launcher.jar;C:\Users\edgewords\.p2\pool\plugins\org.apache.ant_1.9.6.v201510161327\lib\ant.jar;C:\Users\edgewords\.p2\pool\plugins\org.apache.ant_1.9.6.v201510161327\lib\ant-junit.jar;C:\Users\edgewords\.p2\pool\plugins\org.apache.ant_1.9.6.v201510161327\lib\ant-junit4.jar" />
    <property name="java.vm.specification.name" value="Java Virtual Machine Specification" />
    <property name="ant.file.type" value="file" />
    <property name="env.LOGONSERVER" value="\\WIN81FUJITSU" />
    <property name="env.windir" value="C:\WINDOWS" />
    <property name="env.PROCESSOR_ARCHITECTURE" value="AMD64" />
    <property name="java.vm.specification.version" value="1.8" />
    <property name="sun.os.patch.level" value="" />
    <property name="sun.cpu.endian" value="little" />
    <property name="debuglevel" value="source,lines,vars" />
    <property name="env.OneDrive" value="C:\Users\edgewords\OneDrive" />
    <property name="env.ProgramFiles" value="C:\Program Files" />
    <property name="env.ANT_HOME" value="C:\Users\edgewords\.p2\pool\plugins\org.apache.ant_1.9.6.v201510161327" />
    <property name="env.PROCESSOR_REVISION" value="0503" />
    <property name="java.io.tmpdir" value="C:\Users\EDGEWO~1\AppData\Local\Temp\" />
    <property name="env.CommonProgramFiles(x86)" value="C:\Program Files (x86)\Common Files" />
    <property name="java.vendor.url.bug" value="http://bugreport.sun.com/bugreport/" />
    <property name="env.SystemRoot" value="C:\WINDOWS" />
    <property name="java.awt.graphicsenv" value="sun.awt.Win32GraphicsEnvironment" />
    <property name="os.arch" value="amd64" />
    <property name="env.ANT_CMD_LINE_ARGS" value=" &quot;LoginLogoutTest (1)&quot; -Dmybrowser &quot;chrome&quot;" />
    <property name="java.ext.dirs" value="C:\Program Files\Java\jdk1.8.0_121\jre\lib\ext;C:\WINDOWS\Sun\Java\lib\ext" />
    <property name="user.dir" value="c:\Users\edgewords\git\WebDriver" />
    <property name="env.LOCALAPPDATA" value="C:\Users\edgewords\AppData\Local" />
    <property name="line.separator" value="
" />
    <property name="java.vm.name" value="Java HotSpot(TM) 64-Bit Server VM" />
    <property name="env.PATHEXT" value=".COM;.EXE;.BAT;.CMD;.VBS;.VBE;.JS;.JSE;.WSF;.WSH;.MSC" />
    <property name="env.Path" value="C:\ProgramData\Oracle\Java\javapath;C:\Program Files (x86)\EasyPHP-DevServer-14.1VC11\binaries\php\php_runningversion;C:\WINDOWS\system32;C:\WINDOWS;C:\WINDOWS\System32\Wbem;C:\WINDOWS\System32\WindowsPowerShell\v1.0\;C:\Program Files\Java\jdk1.8.0_121\bin\;C:\Users\edgewords\AppData\Local\Microsoft\WindowsApps;C:\Users\edgewords\Documents\DriverServers;C:\Users\edgewords\.p2\pool\plugins\org.apache.ant_1.9.6.v201510161327\bin;" />
    <property name="ant.file.WebDriver" value="c:\Users\edgewords\git\WebDriver\build.xml" />
    <property name="basedir" value="c:\Users\edgewords\git\WebDriver" />
    <property name="ant.java.version" value="1.8" />
    <property name="ant.core.lib" value="C:\Users\edgewords\.p2\pool\plugins\org.apache.ant_1.9.6.v201510161327\lib\ant.jar" />
    <property name="env.USERNAME" value="edgewords" />
    <property name="source" value="1.8" />
    <property name="env.SystemDrive" value="C:" />
    <property name="file.encoding" value="Cp1252" />
    <property name="sun.stderr.encoding" value="cp850" />
    <property name="env.USERDOMAIN" value="Win81Fujitsu" />
    <property name="java.specification.version" value="1.8" />
    <property name="env.=C:" value="c:\Users\edgewords\git\WebDriver" />
    <property name="ant.project.invoked-targets" value="LoginLogoutTest (1)" />
    <property name="env.PROCESSOR_LEVEL" value="16" />
  </properties>
  <testcase classname="commandline.LoginLogoutTest" name="test" time="11.086" />
  <system-out><![CDATA[browser: chrome
Chrome Instantiated
Starting Test
Load home page
Home page loaded
Navigate to Log In page
User is not logged in
Enter Username and Password
Submit Form
Logged in - now log out
Log Out clicked
Test: Logout Completed
Testing ended. Closing Browser.
]]></system-out>
  <system-err><![CDATA[Starting ChromeDriver 2.29.461591 (62ebf098771772160f391d75e589dc567915b233) on port 16416
Only local connections are allowed.
May 14, 2017 5:00:15 PM org.openqa.selenium.remote.ProtocolHandshake createSession
INFO: Attempting bi-dialect session, assuming Postel's Law holds true on the remote end
May 14, 2017 5:00:18 PM org.openqa.selenium.remote.ProtocolHandshake createSession
INFO: Detected dialect: OSS
]]></system-err>
</testsuite>
